<?xml version="1.0" encoding="UTF-8"?>
<coverage generated="1739124860377" clover="3.2.0">
  <project timestamp="1739124860377" name="All files">
    <metrics statements="49" coveredstatements="49" conditionals="17" coveredconditionals="16" methods="8" coveredmethods="8" elements="74" coveredelements="73" complexity="0" loc="49" ncloc="49" packages="1" files="1" classes="1"/>
    <file name="server.ts" path="/Users/andrewbarbour/code/indigov-app/backend/src/server.ts">
      <metrics statements="49" coveredstatements="49" conditionals="17" coveredconditionals="16" methods="8" coveredmethods="8"/>
      <line num="1" count="1" type="stmt"/>
      <line num="2" count="1" type="stmt"/>
      <line num="3" count="1" type="stmt"/>
      <line num="4" count="1" type="stmt"/>
      <line num="5" count="1" type="stmt"/>
      <line num="8" count="1" type="stmt"/>
      <line num="10" count="1" type="stmt"/>
      <line num="11" count="1" type="cond" truecount="1" falsecount="1"/>
      <line num="13" count="1" type="stmt"/>
      <line num="14" count="1" type="stmt"/>
      <line num="16" count="1" type="stmt"/>
      <line num="17" count="1" type="stmt"/>
      <line num="18" count="1" type="stmt"/>
      <line num="19" count="500" type="stmt"/>
      <line num="20" count="500" type="stmt"/>
      <line num="23" count="500" type="stmt"/>
      <line num="35" count="1" type="stmt"/>
      <line num="38" count="1" type="stmt"/>
      <line num="41" count="1" type="stmt"/>
      <line num="42" count="2" type="stmt"/>
      <line num="43" count="2" type="stmt"/>
      <line num="45" count="2" type="cond" truecount="3" falsecount="0"/>
      <line num="46" count="1" type="stmt"/>
      <line num="47" count="500" type="stmt"/>
      <line num="48" count="500" type="stmt"/>
      <line num="57" count="2" type="stmt"/>
      <line num="61" count="1" type="stmt"/>
      <line num="62" count="5" type="stmt"/>
      <line num="63" count="5" type="cond" truecount="5" falsecount="0"/>
      <line num="64" count="1" type="stmt"/>
      <line num="67" count="1" type="stmt"/>
      <line num="70" count="2005" type="stmt"/>
      <line num="71" count="4" type="cond" truecount="2" falsecount="0"/>
      <line num="73" count="1" type="stmt"/>
      <line num="74" count="1" type="stmt"/>
      <line num="80" count="1" type="stmt"/>
      <line num="82" count="3" type="stmt"/>
      <line num="83" count="3" type="stmt"/>
      <line num="84" count="3" type="stmt"/>
      <line num="89" count="1" type="stmt"/>
      <line num="90" count="2" type="stmt"/>
      <line num="91" count="1005" type="stmt"/>
      <line num="92" count="2" type="cond" truecount="1" falsecount="0"/>
      <line num="93" count="1" type="stmt"/>
      <line num="94" count="1" type="stmt"/>
      <line num="97" count="1" type="stmt"/>
      <line num="98" count="1" type="stmt"/>
      <line num="101" count="1" type="stmt"/>
      <line num="102" count="1" type="stmt"/>
    </file>
  </project>
</coverage>
