{"/Users/andrewbarbour/code/indigov-app/backend/src/server.ts": {"path":"/Users/andrewbarbour/code/indigov-app/backend/src/server.ts","statementMap":{"0":{"start":{"line":1,"column":0},"end":{"line":1,"column":53}},"1":{"start":{"line":2,"column":0},"end":{"line":2,"column":24}},"2":{"start":{"line":3,"column":0},"end":{"line":3,"column":40}},"3":{"start":{"line":4,"column":0},"end":{"line":4,"column":26}},"4":{"start":{"line":5,"column":0},"end":{"line":5,"column":28}},"5":{"start":{"line":8,"column":0},"end":{"line":8,"column":16}},"6":{"start":{"line":10,"column":13},"end":{"line":10,"column":29}},"7":{"start":{"line":11,"column":13},"end":{"line":11,"column":37}},"8":{"start":{"line":13,"column":0},"end":{"line":13,"column":24}},"9":{"start":{"line":14,"column":0},"end":{"line":14,"column":16}},"10":{"start":{"line":16,"column":25},"end":{"line":36,"column":1}},"11":{"start":{"line":17,"column":19},"end":{"line":17,"column":21}},"12":{"start":{"line":18,"column":2},"end":{"line":34,"column":3}},"13":{"start":{"line":18,"column":15},"end":{"line":18,"column":16}},"14":{"start":{"line":19,"column":17},"end":{"line":19,"column":40}},"15":{"start":{"line":20,"column":23},"end":{"line":22,"column":27}},"16":{"start":{"line":23,"column":4},"end":{"line":33,"column":7}},"17":{"start":{"line":35,"column":2},"end":{"line":35,"column":18}},"18":{"start":{"line":38,"column":23},"end":{"line":38,"column":44}},"19":{"start":{"line":41,"column":0},"end":{"line":58,"column":3}},"20":{"start":{"line":42,"column":33},"end":{"line":42,"column":42}},"21":{"start":{"line":43,"column":23},"end":{"line":43,"column":29}},"22":{"start":{"line":45,"column":2},"end":{"line":55,"column":3}},"23":{"start":{"line":46,"column":4},"end":{"line":54,"column":7}},"24":{"start":{"line":47,"column":25},"end":{"line":47,"column":49}},"25":{"start":{"line":48,"column":6},"end":{"line":53,"column":8}},"26":{"start":{"line":57,"column":2},"end":{"line":57,"column":27}},"27":{"start":{"line":61,"column":0},"end":{"line":86,"column":3}},"28":{"start":{"line":62,"column":47},"end":{"line":62,"column":55}},"29":{"start":{"line":63,"column":2},"end":{"line":68,"column":3}},"30":{"start":{"line":64,"column":4},"end":{"line":66,"column":76}},"31":{"start":{"line":67,"column":4},"end":{"line":67,"column":11}},"32":{"start":{"line":70,"column":30},"end":{"line":70,"column":72}},"33":{"start":{"line":70,"column":54},"end":{"line":70,"column":71}},"34":{"start":{"line":71,"column":2},"end":{"line":85,"column":3}},"35":{"start":{"line":73,"column":31},"end":{"line":73,"column":69}},"36":{"start":{"line":74,"column":4},"end":{"line":79,"column":6}},"37":{"start":{"line":80,"column":4},"end":{"line":80,"column":54}},"38":{"start":{"line":82,"column":30},"end":{"line":82,"column":66}},"39":{"start":{"line":83,"column":4},"end":{"line":83,"column":27}},"40":{"start":{"line":84,"column":4},"end":{"line":84,"column":36}},"41":{"start":{"line":89,"column":0},"end":{"line":99,"column":3}},"42":{"start":{"line":90,"column":16},"end":{"line":90,"column":32}},"43":{"start":{"line":91,"column":16},"end":{"line":91,"column":68}},"44":{"start":{"line":91,"column":45},"end":{"line":91,"column":67}},"45":{"start":{"line":92,"column":2},"end":{"line":95,"column":3}},"46":{"start":{"line":93,"column":4},"end":{"line":93,"column":56}},"47":{"start":{"line":94,"column":4},"end":{"line":94,"column":11}},"48":{"start":{"line":97,"column":2},"end":{"line":97,"column":26}},"49":{"start":{"line":98,"column":2},"end":{"line":98,"column":25}},"50":{"start":{"line":101,"column":0},"end":{"line":103,"column":3}},"51":{"start":{"line":102,"column":2},"end":{"line":102,"column":61}}},"fnMap":{"0":{"name":"(anonymous_1)","decl":{"start":{"line":16,"column":25},"end":{"line":16,"column":26}},"loc":{"start":{"line":16,"column":41},"end":{"line":36,"column":1}}},"1":{"name":"(anonymous_2)","decl":{"start":{"line":41,"column":19},"end":{"line":41,"column":20}},"loc":{"start":{"line":41,"column":57},"end":{"line":58,"column":1}}},"2":{"name":"(anonymous_3)","decl":{"start":{"line":46,"column":35},"end":{"line":46,"column":36}},"loc":{"start":{"line":46,"column":46},"end":{"line":54,"column":5}}},"3":{"name":"(anonymous_4)","decl":{"start":{"line":61,"column":20},"end":{"line":61,"column":21}},"loc":{"start":{"line":61,"column":58},"end":{"line":86,"column":1}}},"4":{"name":"(anonymous_5)","decl":{"start":{"line":70,"column":47},"end":{"line":70,"column":48}},"loc":{"start":{"line":70,"column":54},"end":{"line":70,"column":71}}},"5":{"name":"(anonymous_6)","decl":{"start":{"line":89,"column":29},"end":{"line":89,"column":30}},"loc":{"start":{"line":89,"column":67},"end":{"line":99,"column":1}}},"6":{"name":"(anonymous_7)","decl":{"start":{"line":91,"column":33},"end":{"line":91,"column":34}},"loc":{"start":{"line":91,"column":45},"end":{"line":91,"column":67}}},"7":{"name":"(anonymous_8)","decl":{"start":{"line":101,"column":17},"end":{"line":101,"column":20}},"loc":{"start":{"line":101,"column":22},"end":{"line":103,"column":1}}}},"branchMap":{"0":{"loc":{"start":{"line":11,"column":13},"end":{"line":11,"column":37}},"type":"binary-expr","locations":[{"start":{"line":11,"column":13},"end":{"line":11,"column":29}},{"start":{"line":11,"column":33},"end":{"line":11,"column":37}}]},"1":{"loc":{"start":{"line":45,"column":2},"end":{"line":55,"column":3}},"type":"if","locations":[{"start":{"line":45,"column":2},"end":{"line":55,"column":3}}]},"2":{"loc":{"start":{"line":45,"column":6},"end":{"line":45,"column":26}},"type":"binary-expr","locations":[{"start":{"line":45,"column":6},"end":{"line":45,"column":15}},{"start":{"line":45,"column":19},"end":{"line":45,"column":26}}]},"3":{"loc":{"start":{"line":49,"column":8},"end":{"line":52,"column":70}},"type":"binary-expr","locations":[{"start":{"line":49,"column":9},"end":{"line":49,"column":19}},{"start":{"line":50,"column":10},"end":{"line":50,"column":75}},{"start":{"line":51,"column":9},"end":{"line":51,"column":17}},{"start":{"line":52,"column":10},"end":{"line":52,"column":69}}]},"4":{"loc":{"start":{"line":63,"column":2},"end":{"line":68,"column":3}},"type":"if","locations":[{"start":{"line":63,"column":2},"end":{"line":68,"column":3}}]},"5":{"loc":{"start":{"line":63,"column":6},"end":{"line":63,"column":48}},"type":"binary-expr","locations":[{"start":{"line":63,"column":6},"end":{"line":63,"column":11}},{"start":{"line":63,"column":15},"end":{"line":63,"column":21}},{"start":{"line":63,"column":25},"end":{"line":63,"column":33}},{"start":{"line":63,"column":37},"end":{"line":63,"column":48}}]},"6":{"loc":{"start":{"line":71,"column":2},"end":{"line":85,"column":3}},"type":"if","locations":[{"start":{"line":71,"column":2},"end":{"line":85,"column":3}},{"start":{"line":81,"column":9},"end":{"line":85,"column":3}}]},"7":{"loc":{"start":{"line":92,"column":2},"end":{"line":95,"column":3}},"type":"if","locations":[{"start":{"line":92,"column":2},"end":{"line":95,"column":3}}]}},"s":{"0":1,"1":1,"2":1,"3":1,"4":1,"5":1,"6":1,"7":1,"8":1,"9":1,"10":1,"11":1,"12":1,"13":1,"14":500,"15":500,"16":500,"17":1,"18":1,"19":1,"20":2,"21":2,"22":2,"23":1,"24":500,"25":500,"26":2,"27":1,"28":5,"29":5,"30":1,"31":1,"32":4,"33":2005,"34":4,"35":1,"36":1,"37":1,"38":3,"39":3,"40":3,"41":1,"42":2,"43":2,"44":1005,"45":2,"46":1,"47":1,"48":1,"49":1,"50":1,"51":1},"f":{"0":1,"1":2,"2":500,"3":5,"4":2005,"5":2,"6":1005,"7":1},"b":{"0":[1,0],"1":[1],"2":[2,1],"3":[500,500,500,500],"4":[1],"5":[5,5,5,5],"6":[1,3],"7":[1]}}
}
