{"/Users/andrewbarbour/code/indigov-app/backend/src/server.ts": {"path":"/Users/andrewbarbour/code/indigov-app/backend/src/server.ts","statementMap":{"0":{"start":{"line":1,"column":0},"end":{"line":1,"column":53}},"1":{"start":{"line":2,"column":0},"end":{"line":2,"column":24}},"2":{"start":{"line":3,"column":0},"end":{"line":3,"column":40}},"3":{"start":{"line":4,"column":0},"end":{"line":4,"column":26}},"4":{"start":{"line":6,"column":13},"end":{"line":6,"column":29}},"5":{"start":{"line":7,"column":13},"end":{"line":7,"column":17}},"6":{"start":{"line":9,"column":0},"end":{"line":9,"column":24}},"7":{"start":{"line":10,"column":0},"end":{"line":10,"column":16}},"8":{"start":{"line":19,"column":25},"end":{"line":39,"column":1}},"9":{"start":{"line":20,"column":19},"end":{"line":20,"column":21}},"10":{"start":{"line":21,"column":2},"end":{"line":37,"column":3}},"11":{"start":{"line":21,"column":15},"end":{"line":21,"column":16}},"12":{"start":{"line":22,"column":17},"end":{"line":22,"column":40}},"13":{"start":{"line":23,"column":23},"end":{"line":25,"column":27}},"14":{"start":{"line":26,"column":4},"end":{"line":36,"column":7}},"15":{"start":{"line":38,"column":2},"end":{"line":38,"column":18}},"16":{"start":{"line":41,"column":23},"end":{"line":41,"column":43}},"17":{"start":{"line":44,"column":0},"end":{"line":61,"column":3}},"18":{"start":{"line":45,"column":33},"end":{"line":45,"column":42}},"19":{"start":{"line":46,"column":23},"end":{"line":46,"column":29}},"20":{"start":{"line":48,"column":2},"end":{"line":58,"column":3}},"21":{"start":{"line":49,"column":4},"end":{"line":57,"column":7}},"22":{"start":{"line":50,"column":25},"end":{"line":50,"column":49}},"23":{"start":{"line":51,"column":6},"end":{"line":56,"column":8}},"24":{"start":{"line":60,"column":2},"end":{"line":60,"column":27}},"25":{"start":{"line":64,"column":0},"end":{"line":90,"column":3}},"26":{"start":{"line":65,"column":47},"end":{"line":65,"column":55}},"27":{"start":{"line":66,"column":2},"end":{"line":71,"column":3}},"28":{"start":{"line":67,"column":4},"end":{"line":69,"column":76}},"29":{"start":{"line":70,"column":4},"end":{"line":70,"column":11}},"30":{"start":{"line":73,"column":30},"end":{"line":73,"column":72}},"31":{"start":{"line":73,"column":54},"end":{"line":73,"column":71}},"32":{"start":{"line":74,"column":2},"end":{"line":89,"column":3}},"33":{"start":{"line":76,"column":31},"end":{"line":76,"column":69}},"34":{"start":{"line":77,"column":4},"end":{"line":82,"column":6}},"35":{"start":{"line":83,"column":4},"end":{"line":83,"column":54}},"36":{"start":{"line":86,"column":30},"end":{"line":86,"column":66}},"37":{"start":{"line":87,"column":4},"end":{"line":87,"column":27}},"38":{"start":{"line":88,"column":4},"end":{"line":88,"column":36}},"39":{"start":{"line":92,"column":0},"end":{"line":107,"column":3}},"40":{"start":{"line":93,"column":16},"end":{"line":93,"column":32}},"41":{"start":{"line":94,"column":40},"end":{"line":94,"column":48}},"42":{"start":{"line":96,"column":17},"end":{"line":96,"column":54}},"43":{"start":{"line":96,"column":36},"end":{"line":96,"column":53}},"44":{"start":{"line":97,"column":2},"end":{"line":100,"column":3}},"45":{"start":{"line":98,"column":4},"end":{"line":98,"column":56}},"46":{"start":{"line":99,"column":4},"end":{"line":99,"column":11}},"47":{"start":{"line":102,"column":2},"end":{"line":102,"column":31}},"48":{"start":{"line":102,"column":12},"end":{"line":102,"column":31}},"49":{"start":{"line":103,"column":2},"end":{"line":103,"column":40}},"50":{"start":{"line":103,"column":15},"end":{"line":103,"column":40}},"51":{"start":{"line":104,"column":2},"end":{"line":104,"column":49}},"52":{"start":{"line":104,"column":18},"end":{"line":104,"column":49}},"53":{"start":{"line":106,"column":2},"end":{"line":106,"column":19}},"54":{"start":{"line":110,"column":0},"end":{"line":120,"column":3}},"55":{"start":{"line":111,"column":16},"end":{"line":111,"column":32}},"56":{"start":{"line":112,"column":16},"end":{"line":112,"column":68}},"57":{"start":{"line":112,"column":45},"end":{"line":112,"column":67}},"58":{"start":{"line":113,"column":2},"end":{"line":116,"column":3}},"59":{"start":{"line":114,"column":4},"end":{"line":114,"column":56}},"60":{"start":{"line":115,"column":4},"end":{"line":115,"column":11}},"61":{"start":{"line":118,"column":2},"end":{"line":118,"column":26}},"62":{"start":{"line":119,"column":2},"end":{"line":119,"column":25}},"63":{"start":{"line":122,"column":0},"end":{"line":124,"column":3}},"64":{"start":{"line":123,"column":2},"end":{"line":123,"column":61}}},"fnMap":{"0":{"name":"(anonymous_1)","decl":{"start":{"line":19,"column":25},"end":{"line":19,"column":26}},"loc":{"start":{"line":19,"column":41},"end":{"line":39,"column":1}}},"1":{"name":"(anonymous_2)","decl":{"start":{"line":44,"column":19},"end":{"line":44,"column":20}},"loc":{"start":{"line":44,"column":57},"end":{"line":61,"column":1}}},"2":{"name":"(anonymous_3)","decl":{"start":{"line":49,"column":35},"end":{"line":49,"column":36}},"loc":{"start":{"line":49,"column":46},"end":{"line":57,"column":5}}},"3":{"name":"(anonymous_4)","decl":{"start":{"line":64,"column":20},"end":{"line":64,"column":21}},"loc":{"start":{"line":64,"column":58},"end":{"line":90,"column":1}}},"4":{"name":"(anonymous_5)","decl":{"start":{"line":73,"column":47},"end":{"line":73,"column":48}},"loc":{"start":{"line":73,"column":54},"end":{"line":73,"column":71}}},"5":{"name":"(anonymous_6)","decl":{"start":{"line":92,"column":26},"end":{"line":92,"column":27}},"loc":{"start":{"line":92,"column":64},"end":{"line":107,"column":1}}},"6":{"name":"(anonymous_7)","decl":{"start":{"line":96,"column":29},"end":{"line":96,"column":30}},"loc":{"start":{"line":96,"column":36},"end":{"line":96,"column":53}}},"7":{"name":"(anonymous_8)","decl":{"start":{"line":110,"column":29},"end":{"line":110,"column":30}},"loc":{"start":{"line":110,"column":67},"end":{"line":120,"column":1}}},"8":{"name":"(anonymous_9)","decl":{"start":{"line":112,"column":33},"end":{"line":112,"column":34}},"loc":{"start":{"line":112,"column":45},"end":{"line":112,"column":67}}},"9":{"name":"(anonymous_10)","decl":{"start":{"line":122,"column":17},"end":{"line":122,"column":20}},"loc":{"start":{"line":122,"column":22},"end":{"line":124,"column":1}}}},"branchMap":{"0":{"loc":{"start":{"line":48,"column":2},"end":{"line":58,"column":3}},"type":"if","locations":[{"start":{"line":48,"column":2},"end":{"line":58,"column":3}}]},"1":{"loc":{"start":{"line":48,"column":6},"end":{"line":48,"column":26}},"type":"binary-expr","locations":[{"start":{"line":48,"column":6},"end":{"line":48,"column":15}},{"start":{"line":48,"column":19},"end":{"line":48,"column":26}}]},"2":{"loc":{"start":{"line":52,"column":8},"end":{"line":55,"column":70}},"type":"binary-expr","locations":[{"start":{"line":52,"column":9},"end":{"line":52,"column":19}},{"start":{"line":53,"column":10},"end":{"line":53,"column":75}},{"start":{"line":54,"column":9},"end":{"line":54,"column":17}},{"start":{"line":55,"column":10},"end":{"line":55,"column":69}}]},"3":{"loc":{"start":{"line":66,"column":2},"end":{"line":71,"column":3}},"type":"if","locations":[{"start":{"line":66,"column":2},"end":{"line":71,"column":3}}]},"4":{"loc":{"start":{"line":66,"column":6},"end":{"line":66,"column":48}},"type":"binary-expr","locations":[{"start":{"line":66,"column":6},"end":{"line":66,"column":11}},{"start":{"line":66,"column":15},"end":{"line":66,"column":21}},{"start":{"line":66,"column":25},"end":{"line":66,"column":33}},{"start":{"line":66,"column":37},"end":{"line":66,"column":48}}]},"5":{"loc":{"start":{"line":74,"column":2},"end":{"line":89,"column":3}},"type":"if","locations":[{"start":{"line":74,"column":2},"end":{"line":89,"column":3}},{"start":{"line":84,"column":9},"end":{"line":89,"column":3}}]},"6":{"loc":{"start":{"line":97,"column":2},"end":{"line":100,"column":3}},"type":"if","locations":[{"start":{"line":97,"column":2},"end":{"line":100,"column":3}}]},"7":{"loc":{"start":{"line":102,"column":2},"end":{"line":102,"column":31}},"type":"if","locations":[{"start":{"line":102,"column":2},"end":{"line":102,"column":31}}]},"8":{"loc":{"start":{"line":103,"column":2},"end":{"line":103,"column":40}},"type":"if","locations":[{"start":{"line":103,"column":2},"end":{"line":103,"column":40}}]},"9":{"loc":{"start":{"line":104,"column":2},"end":{"line":104,"column":49}},"type":"if","locations":[{"start":{"line":104,"column":2},"end":{"line":104,"column":49}}]},"10":{"loc":{"start":{"line":113,"column":2},"end":{"line":116,"column":3}},"type":"if","locations":[{"start":{"line":113,"column":2},"end":{"line":116,"column":3}}]}},"s":{"0":1,"1":1,"2":1,"3":1,"4":1,"5":1,"6":1,"7":1,"8":1,"9":1,"10":1,"11":1,"12":20,"13":20,"14":20,"15":1,"16":1,"17":1,"18":2,"19":2,"20":2,"21":1,"22":20,"23":20,"24":2,"25":1,"26":6,"27":6,"28":1,"29":1,"30":5,"31":108,"32":5,"33":1,"34":1,"35":1,"36":4,"37":4,"38":4,"39":1,"40":2,"41":2,"42":2,"43":46,"44":2,"45":1,"46":1,"47":1,"48":1,"49":1,"50":1,"51":1,"52":1,"53":1,"54":1,"55":2,"56":2,"57":47,"58":2,"59":1,"60":1,"61":1,"62":1,"63":1,"64":1},"f":{"0":1,"1":2,"2":20,"3":6,"4":108,"5":2,"6":46,"7":2,"8":47,"9":1},"b":{"0":[1],"1":[2,1],"2":[20,20,20,20],"3":[1],"4":[6,6,6,6],"5":[1,4],"6":[1],"7":[1],"8":[1],"9":[1],"10":[1]}}
}
