TN:
SF:src/database.ts
FN:7,(anonymous_8)
FN:7,(anonymous_9)
FN:17,(anonymous_10)
FN:17,(anonymous_11)
FN:18,(anonymous_12)
FNF:5
FNH:4
FNDA:1,(anonymous_8)
FNDA:1,(anonymous_9)
FNDA:1,(anonymous_10)
FNDA:1,(anonymous_11)
FNDA:0,(anonymous_12)
DA:1,1
DA:2,1
DA:3,1
DA:5,1
DA:7,1
DA:8,1
DA:9,1
DA:10,1
DA:11,1
DA:13,0
DA:17,1
DA:18,1
DA:19,0
DA:20,0
DA:22,0
DA:23,0
DA:24,0
DA:27,0
DA:33,0
DA:34,0
DA:35,0
DA:38,0
DA:42,0
DA:45,1
DA:46,1
DA:47,0
DA:48,0
DA:49,0
LF:28
LH:13
BRDA:33,0,0,0
BRDA:46,1,0,0
BRF:2
BRH:0
end_of_record
TN:
SF:src/server.ts
FN:21,(anonymous_8)
FN:21,(anonymous_9)
FN:37,(anonymous_10)
FN:37,(anonymous_11)
FN:61,(anonymous_12)
FN:61,(anonymous_13)
FN:112,(anonymous_14)
FN:112,(anonymous_15)
FN:124,(anonymous_16)
FNF:9
FNH:9
FNDA:2,(anonymous_8)
FNDA:2,(anonymous_9)
FNDA:6,(anonymous_10)
FNDA:6,(anonymous_11)
FNDA:2,(anonymous_12)
FNDA:2,(anonymous_13)
FNDA:2,(anonymous_14)
FNDA:2,(anonymous_15)
FNDA:1,(anonymous_16)
DA:1,1
DA:2,1
DA:3,1
DA:4,1
DA:5,1
DA:7,1
DA:8,1
DA:10,1
DA:12,1
DA:13,1
DA:15,1
DA:16,1
DA:18,1
DA:21,2
DA:22,2
DA:23,2
DA:25,2
DA:26,1
DA:32,2
DA:33,2
DA:37,6
DA:38,6
DA:39,6
DA:40,1
DA:41,1
DA:44,5
DA:45,5
DA:53,3
DA:55,2
DA:56,2
DA:61,2
DA:62,2
DA:63,2
DA:65,2
DA:66,1
DA:69,1
DA:72,1
DA:73,1
DA:74,1
DA:75,0
DA:76,0
DA:79,1
DA:81,0
DA:84,0
DA:92,0
DA:95,1
DA:103,1
DA:106,0
DA:107,0
DA:112,2
DA:113,2
DA:115,2
DA:116,2
DA:117,1
DA:119,1
DA:120,1
DA:124,1
DA:125,1
LF:58
LH:51
BRDA:13,0,0,1
BRDA:13,0,1,0
BRDA:25,1,0,1
BRDA:25,2,0,2
BRDA:25,2,1,1
BRDA:27,3,0,1
BRDA:27,3,1,1
BRDA:28,4,0,1
BRDA:28,4,1,1
BRDA:39,5,0,1
BRDA:39,6,0,6
BRDA:39,6,1,6
BRDA:39,6,2,6
BRDA:50,7,0,5
BRDA:50,7,1,0
BRDA:65,8,0,1
BRDA:65,9,0,2
BRDA:65,9,1,2
BRDA:65,9,2,2
BRDA:65,9,3,2
BRDA:74,10,0,0
BRDA:79,11,0,0
BRDA:79,11,1,1
BRF:23
BRH:19
end_of_record
