TN:
SF:src/server.ts
FN:19,(anonymous_1)
FN:44,(anonymous_2)
FN:49,(anonymous_3)
FN:64,(anonymous_4)
FN:73,(anonymous_5)
FN:92,(anonymous_6)
FN:96,(anonymous_7)
FN:110,(anonymous_8)
FN:112,(anonymous_9)
FN:122,(anonymous_10)
FNF:10
FNH:10
FNDA:1,(anonymous_1)
FNDA:2,(anonymous_2)
FNDA:20,(anonymous_3)
FNDA:6,(anonymous_4)
FNDA:108,(anonymous_5)
FNDA:2,(anonymous_6)
FNDA:46,(anonymous_7)
FNDA:2,(anonymous_8)
FNDA:47,(anonymous_9)
FNDA:1,(anonymous_10)
DA:1,1
DA:2,1
DA:3,1
DA:4,1
DA:6,1
DA:7,1
DA:9,1
DA:10,1
DA:19,1
DA:20,1
DA:21,1
DA:22,20
DA:23,20
DA:26,20
DA:38,1
DA:41,1
DA:44,1
DA:45,2
DA:46,2
DA:48,2
DA:49,1
DA:50,20
DA:51,20
DA:60,2
DA:64,1
DA:65,6
DA:66,6
DA:67,1
DA:70,1
DA:73,108
DA:74,5
DA:76,1
DA:77,1
DA:83,1
DA:86,4
DA:87,4
DA:88,4
DA:92,1
DA:93,2
DA:94,2
DA:96,46
DA:97,2
DA:98,1
DA:99,1
DA:102,1
DA:103,1
DA:104,1
DA:106,1
DA:110,1
DA:111,2
DA:112,47
DA:113,2
DA:114,1
DA:115,1
DA:118,1
DA:119,1
DA:122,1
DA:123,1
LF:58
LH:58
BRDA:48,0,0,1
BRDA:48,1,0,2
BRDA:48,1,1,1
BRDA:52,2,0,20
BRDA:52,2,1,20
BRDA:52,2,2,20
BRDA:52,2,3,20
BRDA:66,3,0,1
BRDA:66,4,0,6
BRDA:66,4,1,6
BRDA:66,4,2,6
BRDA:66,4,3,6
BRDA:74,5,0,1
BRDA:74,5,1,4
BRDA:97,6,0,1
BRDA:102,7,0,1
BRDA:103,8,0,1
BRDA:104,9,0,1
BRDA:113,10,0,1
BRF:19
BRH:19
end_of_record
